mode: set
github.com/voicurobert/celeritas/session/session.go:20.53,25.16 3 1
github.com/voicurobert/celeritas/session/session.go:29.2,29.48 1 1
github.com/voicurobert/celeritas/session/session.go:33.2,33.47 1 1
github.com/voicurobert/celeritas/session/session.go:40.2,49.40 8 1
github.com/voicurobert/celeritas/session/session.go:59.2,59.16 1 1
github.com/voicurobert/celeritas/session/session.go:25.16,27.3 1 0
github.com/voicurobert/celeritas/session/session.go:29.48,31.3 1 1
github.com/voicurobert/celeritas/session/session.go:33.47,35.3 1 0
github.com/voicurobert/celeritas/session/session.go:35.8,37.3 1 1
github.com/voicurobert/celeritas/session/session.go:50.15,50.15 0 0
github.com/voicurobert/celeritas/session/session.go:52.26,52.26 0 0
github.com/voicurobert/celeritas/session/session.go:54.32,54.32 0 0
github.com/voicurobert/celeritas/session/session.go:56.10,56.10 0 1
github.com/voicurobert/celeritas/render/render.go:34.113,35.37 1 1
github.com/voicurobert/celeritas/render/render.go:43.2,43.52 1 1
github.com/voicurobert/celeritas/render/render.go:36.12,37.38 1 1
github.com/voicurobert/celeritas/render/render.go:38.13,39.50 1 1
github.com/voicurobert/celeritas/render/render.go:40.10,40.10 0 1
github.com/voicurobert/celeritas/render/render.go:47.112,49.16 2 1
github.com/voicurobert/celeritas/render/render.go:52.2,53.17 2 1
github.com/voicurobert/celeritas/render/render.go:56.2,57.16 2 1
github.com/voicurobert/celeritas/render/render.go:60.2,60.12 1 1
github.com/voicurobert/celeritas/render/render.go:49.16,51.3 1 1
github.com/voicurobert/celeritas/render/render.go:53.17,55.3 1 0
github.com/voicurobert/celeritas/render/render.go:57.16,59.3 1 0
github.com/voicurobert/celeritas/render/render.go:64.124,67.22 2 1
github.com/voicurobert/celeritas/render/render.go:73.2,74.17 2 1
github.com/voicurobert/celeritas/render/render.go:78.2,79.16 2 1
github.com/voicurobert/celeritas/render/render.go:84.2,84.46 1 1
github.com/voicurobert/celeritas/render/render.go:89.2,89.12 1 1
github.com/voicurobert/celeritas/render/render.go:67.22,69.3 1 1
github.com/voicurobert/celeritas/render/render.go:69.8,71.3 1 0
github.com/voicurobert/celeritas/render/render.go:74.17,76.3 1 0
github.com/voicurobert/celeritas/render/render.go:79.16,82.3 2 1
github.com/voicurobert/celeritas/render/render.go:84.46,87.3 2 0
